<?xml version="1.0" encoding="UTF-8"?>
<testsuite xmlns:xsi="http://www.w3.org/2001/XMLSchema-instance" xsi:noNamespaceSchemaLocation="https://maven.apache.org/surefire/maven-surefire-plugin/xsd/surefire-test-report.xsd" name="TestSuite" time="5.922" tests="3" errors="0" skipped="2" failures="1">
  <properties>
[...]
</properties>
  <testcase name="setUp" classname="com.inetbanking.testcases.TC_EditCustomer_004" time="5.443">
    <failure message="session not created: This version of ChromeDriver only supports Chrome version 87&#10;Current browser version is 89.0.4389.114 with binary path C:\Program Files\Google\Chrome\Application\chrome.exe&#10;Build info: version: &apos;3.141.59&apos;, revision: &apos;e82be7d358&apos;, time: &apos;2018-11-14T08:17:03&apos;&#10;System info: host: &apos;LAPTOP-VGI3336T&apos;, ip: &apos;192.168.225.206&apos;, os.name: &apos;Windows 10&apos;, os.arch: &apos;amd64&apos;, os.version: &apos;10.0&apos;, java.version: &apos;1.8.0_251&apos;&#10;Driver info: driver.version: ChromeDriver&#10;remote stacktrace: Backtrace:&#10;	Ordinal0 [0x009BC0C3+3326147]&#10;	Ordinal0 [0x008A0851+2164817]&#10;	Ordinal0 [0x00727298+619160]&#10;	Ordinal0 [0x006A1D92+73106]&#10;	Ordinal0 [0x0069E119+57625]&#10;	Ordinal0 [0x0069C38A+50058]&#10;	Ordinal0 [0x006C5F3E+220990]&#10;	Ordinal0 [0x006C5CAC+220332]&#10;	Ordinal0 [0x006C189B+202907]&#10;	Ordinal0 [0x006A3DF4+81396]&#10;	Ordinal0 [0x006A4DEE+85486]&#10;	Ordinal0 [0x006A4D79+85369]&#10;	Ordinal0 [0x008B85DC+2262492]&#10;	GetHandleVerifier [0x00B42874+1487204]&#10;	GetHandleVerifier [0x00B423CD+1486013]&#10;	GetHandleVerifier [0x00B4A368+1518680]&#10;	GetHandleVerifier [0x00B42F4E+1488958]&#10;	Ordinal0 [0x008AED0D+2223373]&#10;	Ordinal0 [0x008BA12B+2269483]&#10;	Ordinal0 [0x008BA26F+2269807]&#10;	Ordinal0 [0x008CECB8+2354360]&#10;	BaseThreadInitThunk [0x7737FA29+25]&#10;	RtlGetAppContainerNamedObjectPath [0x774C7C7E+286]&#10;	RtlGetAppContainerNamedObjectPath [0x774C7C4E+238]&#10;" type="org.openqa.selenium.SessionNotCreatedException">org.openqa.selenium.SessionNotCreatedException: 
session not created: This version of ChromeDriver only supports Chrome version 87
Current browser version is 89.0.4389.114 with binary path C:\Program Files\Google\Chrome\Application\chrome.exe
Build info: version: '3.141.59', revision: 'e82be7d358', time: '2018-11-14T08:17:03'
System info: host: 'LAPTOP-VGI3336T', ip: '192.168.225.206', os.name: 'Windows 10', os.arch: 'amd64', os.version: '10.0', java.version: '1.8.0_251'
Driver info: driver.version: ChromeDriver
remote stacktrace: Backtrace:
	Ordinal0 [0x009BC0C3+3326147]
	Ordinal0 [0x008A0851+2164817]
	Ordinal0 [0x00727298+619160]
	Ordinal0 [0x006A1D92+73106]
	Ordinal0 [0x0069E119+57625]
	Ordinal0 [0x0069C38A+50058]
	Ordinal0 [0x006C5F3E+220990]
	Ordinal0 [0x006C5CAC+220332]
	Ordinal0 [0x006C189B+202907]
	Ordinal0 [0x006A3DF4+81396]
	Ordinal0 [0x006A4DEE+85486]
	Ordinal0 [0x006A4D79+85369]
	Ordinal0 [0x008B85DC+2262492]
	GetHandleVerifier [0x00B42874+1487204]
	GetHandleVerifier [0x00B423CD+1486013]
	GetHandleVerifier [0x00B4A368+1518680]
	GetHandleVerifier [0x00B42F4E+1488958]
	Ordinal0 [0x008AED0D+2223373]
	Ordinal0 [0x008BA12B+2269483]
	Ordinal0 [0x008BA26F+2269807]
	Ordinal0 [0x008CECB8+2354360]
	BaseThreadInitThunk [0x7737FA29+25]
	RtlGetAppContainerNamedObjectPath [0x774C7C7E+286]
	RtlGetAppContainerNamedObjectPath [0x774C7C4E+238]

</failure>
    <system-err><![CDATA[Starting ChromeDriver 87.0.4280.88 (89e2380a3e36c3464b5dd1302349b1382549290d-refs/branch-heads/4280@{#1761}) on port 33004
Only local connections are allowed.
Please see https://chromedriver.chromium.org/security-considerations for suggestions on keeping ChromeDriver safe.
ChromeDriver was started successfully.
]]></system-err>
  </testcase>
  <testcase name="editCustomer" classname="com.inetbanking.testcases.TC_EditCustomer_004" time="0">
    <skipped message="session not created: This version of ChromeDriver only supports Chrome version 87&#10;Current browser version is 89.0.4389.114 with binary path C:\Program Files\Google\Chrome\Application\chrome.exe&#10;Build info: version: &apos;3.141.59&apos;, revision: &apos;e82be7d358&apos;, time: &apos;2018-11-14T08:17:03&apos;&#10;System info: host: &apos;LAPTOP-VGI3336T&apos;, ip: &apos;192.168.225.206&apos;, os.name: &apos;Windows 10&apos;, os.arch: &apos;amd64&apos;, os.version: &apos;10.0&apos;, java.version: &apos;1.8.0_251&apos;&#10;Driver info: driver.version: ChromeDriver&#10;remote stacktrace: Backtrace:&#10;	Ordinal0 [0x009BC0C3+3326147]&#10;	Ordinal0 [0x008A0851+2164817]&#10;	Ordinal0 [0x00727298+619160]&#10;	Ordinal0 [0x006A1D92+73106]&#10;	Ordinal0 [0x0069E119+57625]&#10;	Ordinal0 [0x0069C38A+50058]&#10;	Ordinal0 [0x006C5F3E+220990]&#10;	Ordinal0 [0x006C5CAC+220332]&#10;	Ordinal0 [0x006C189B+202907]&#10;	Ordinal0 [0x006A3DF4+81396]&#10;	Ordinal0 [0x006A4DEE+85486]&#10;	Ordinal0 [0x006A4D79+85369]&#10;	Ordinal0 [0x008B85DC+2262492]&#10;	GetHandleVerifier [0x00B42874+1487204]&#10;	GetHandleVerifier [0x00B423CD+1486013]&#10;	GetHandleVerifier [0x00B4A368+1518680]&#10;	GetHandleVerifier [0x00B42F4E+1488958]&#10;	Ordinal0 [0x008AED0D+2223373]&#10;	Ordinal0 [0x008BA12B+2269483]&#10;	Ordinal0 [0x008BA26F+2269807]&#10;	Ordinal0 [0x008CECB8+2354360]&#10;	BaseThreadInitThunk [0x7737FA29+25]&#10;	RtlGetAppContainerNamedObjectPath [0x774C7C7E+286]&#10;	RtlGetAppContainerNamedObjectPath [0x774C7C4E+238]&#10;"/>
  </testcase>
  <testcase name="teardown" classname="com.inetbanking.testcases.TC_EditCustomer_004" time="0">
    <skipped/>
  </testcase>
</testsuite>